
--- Job MinPerd_Base_perdidas.gms Start 04/07/26 19:55:03
GAMS Rev 147  Copyright (C) 1987-2007 GAMS Development. All rights reserved
Licensee: Departamento de Ingenieria Electrica           G070306:1052AP-WIN
          Universidad de Sevilla                                     DC2441
          License for teaching and research at degree granting institutions
--- Starting continued compilation
--- MinPerd_Base_perdidas.gms(318) 3 Mb
--- Starting execution
--- MinPerd_Base_perdidas.gms(474) 4 Mb
--- Generating NLP model OPF
--- MinPerd_Base_perdidas.gms(475) 6 Mb
---   205 rows  301 columns  960 non-zeroes
---   4,701 nl-code  637 nl-non-zeroes
--- MinPerd_Base_perdidas.gms(475) 4 Mb
--- Executing CONOPT
C O N O P T 3 Feb 14, 2007 WEX.CO.CO 22.4 017.059.041.WEI Library 314Q     
 
 
    C O N O P T 3   x86_64/MS Windows version 3.14Q-017-059
    Copyright (C)   ARKI Consulting and Development A/S
                    Bagsvaerdvej 246 A
                    DK-2880 Bagsvaerd, Denmark
 
 Using default options.
 
 Reading Data
 
   Iter Phase Ninf   Infeasibility   RGmax    NSB   Step InItr MX OK
      0   0        8.2582781264E+01 (Input point)
                                Pre-triangular equations:        8
                                Post-triangular equations:      66
      1   0        2.5795863444E+01 (After pre-processing)
      2   0        2.5795863444E+01 (After scaling)
     10   0    17  1.6995841733E+01               1.0E+00      F  T
     11   1    16  4.5545332594E-02 1.0E+00    17 1.0E+00    1 T  T
 
 ** Feasible solution. Value of objective =  -0.822665683954
 
 ** Loss of feasibility while tightening tolerances - Return to phase 0.
 
 ** Feasible solution. Value of objective =  -0.822665682164
 
   Iter Phase Ninf     Objective     RGmax    NSB   Step InItr MX OK
     17   3       -8.2266568216E-01 0.0E+00     2
 
 ** Optimal solution. Reduced gradient less than tolerance.
 
--- Restarting execution
--- MinPerd_Base_perdidas.gms(475) 0 Mb
--- Reading solution for model OPF
--- Executing after solve
--- MinPerd_Base_perdidas.gms(551) 3 Mb
--- Putfile RESULT_B2B_min0713 C:\workspace\AI_USE_labs\AI_Manuel\data_set\day_2\RESULT_B2B_min0713.put
*** Status: Normal completion
--- Job MinPerd_Base_perdidas.gms Stop 04/07/26 19:55:03 elapsed 0:00:00.078
