
--- Job linea_intermedia_perfil.gms Start 12/13/22 19:34:12
GAMS Rev 147  Copyright (C) 1987-2007 GAMS Development. All rights reserved
Licensee: Departamento de Ingenieria Electrica           G070306:1052AP-WIN
          Universidad de Sevilla                                     DC2441
          License for teaching and research at degree granting institutions
--- Starting compilation
--- linea_intermedia_perfil.gms(15) 3 Mb 1 Error
*** Error 282 in C:\Users\Manuel Barragan\UNIVERSIDAD DE SEVILLA\JAVIER LONGOBARDO DUEŃAS - TFG JAVIER\linea_intermedia_perfil.gms
    Unable to open include file
--- linea_intermedia_perfil.gms(17) 3 Mb 2 Errors
*** Error 463 in C:\Users\Manuel Barragan\UNIVERSIDAD DE SEVILLA\JAVIER LONGOBARDO DUEŃAS - TFG JAVIER\linea_intermedia_perfil.gms
    The column section in the previous table is missing
--- linea_intermedia_perfil.gms(20) 3 Mb 3 Errors
*** Error 282 in C:\Users\Manuel Barragan\UNIVERSIDAD DE SEVILLA\JAVIER LONGOBARDO DUEŃAS - TFG JAVIER\linea_intermedia_perfil.gms
    Unable to open include file
--- linea_intermedia_perfil.gms(22) 3 Mb 4 Errors
*** Error 463 in C:\Users\Manuel Barragan\UNIVERSIDAD DE SEVILLA\JAVIER LONGOBARDO DUEŃAS - TFG JAVIER\linea_intermedia_perfil.gms
    The column section in the previous table is missing
--- linea_intermedia_perfil.gms(25) 3 Mb 5 Errors
*** Error 282 in C:\Users\Manuel Barragan\UNIVERSIDAD DE SEVILLA\JAVIER LONGOBARDO DUEŃAS - TFG JAVIER\linea_intermedia_perfil.gms
    Unable to open include file
--- linea_intermedia_perfil.gms(27) 3 Mb 6 Errors
*** Error 463 in C:\Users\Manuel Barragan\UNIVERSIDAD DE SEVILLA\JAVIER LONGOBARDO DUEŃAS - TFG JAVIER\linea_intermedia_perfil.gms
    The column section in the previous table is missing
--- linea_intermedia_perfil.gms(30) 3 Mb 7 Errors
*** Error 282 in C:\Users\Manuel Barragan\UNIVERSIDAD DE SEVILLA\JAVIER LONGOBARDO DUEŃAS - TFG JAVIER\linea_intermedia_perfil.gms
    Unable to open include file
--- linea_intermedia_perfil.gms(33) 3 Mb 8 Errors
*** Error 463 in C:\Users\Manuel Barragan\UNIVERSIDAD DE SEVILLA\JAVIER LONGOBARDO DUEŃAS - TFG JAVIER\linea_intermedia_perfil.gms
    The column section in the previous table is missing
--- linea_intermedia_perfil.gms(36) 3 Mb 9 Errors
*** Error 282 in C:\Users\Manuel Barragan\UNIVERSIDAD DE SEVILLA\JAVIER LONGOBARDO DUEŃAS - TFG JAVIER\linea_intermedia_perfil.gms
    Unable to open include file
--- linea_intermedia_perfil.gms(41) 3 Mb 10 Errors
*** Error 463 in C:\Users\Manuel Barragan\UNIVERSIDAD DE SEVILLA\JAVIER LONGOBARDO DUEŃAS - TFG JAVIER\linea_intermedia_perfil.gms
    The column section in the previous table is missing
--- linea_intermedia_perfil.gms(106) 3 Mb 12 Errors
*** Error 143 in C:\Users\Manuel Barragan\UNIVERSIDAD DE SEVILLA\JAVIER LONGOBARDO DUEŃAS - TFG JAVIER\linea_intermedia_perfil.gms
    A suffix is missing
*** Error 141 in C:\Users\Manuel Barragan\UNIVERSIDAD DE SEVILLA\JAVIER LONGOBARDO DUEŃAS - TFG JAVIER\linea_intermedia_perfil.gms
    Symbol neither initialized nor assigned
       A wild shot: You may have spurious commas in the explanatory
       text of a declaration. Check symbol reference list.
--- linea_intermedia_perfil.gms(107) 3 Mb 13 Errors
*** Error 143 in C:\Users\Manuel Barragan\UNIVERSIDAD DE SEVILLA\JAVIER LONGOBARDO DUEŃAS - TFG JAVIER\linea_intermedia_perfil.gms
    A suffix is missing
--- linea_intermedia_perfil.gms(108) 3 Mb 14 Errors
*** Error 143 in C:\Users\Manuel Barragan\UNIVERSIDAD DE SEVILLA\JAVIER LONGOBARDO DUEŃAS - TFG JAVIER\linea_intermedia_perfil.gms
    A suffix is missing
--- linea_intermedia_perfil.gms(109) 3 Mb 15 Errors
*** Error 143 in C:\Users\Manuel Barragan\UNIVERSIDAD DE SEVILLA\JAVIER LONGOBARDO DUEŃAS - TFG JAVIER\linea_intermedia_perfil.gms
    A suffix is missing
--- linea_intermedia_perfil.gms(168) 3 Mb 16 Errors
*** Error 257 in C:\Users\Manuel Barragan\UNIVERSIDAD DE SEVILLA\JAVIER LONGOBARDO DUEŃAS - TFG JAVIER\linea_intermedia_perfil.gms
    Solve statement not checked because of previous errors
--- linea_intermedia_perfil.gms(183) 3 Mb 17 Errors
*** Error 141 in C:\Users\Manuel Barragan\UNIVERSIDAD DE SEVILLA\JAVIER LONGOBARDO DUEŃAS - TFG JAVIER\linea_intermedia_perfil.gms
    Symbol neither initialized nor assigned
       A wild shot: You may have spurious commas in the explanatory
       text of a declaration. Check symbol reference list.
--- linea_intermedia_perfil.gms(185) 3 Mb 18 Errors
*** Error 141 in C:\Users\Manuel Barragan\UNIVERSIDAD DE SEVILLA\JAVIER LONGOBARDO DUEŃAS - TFG JAVIER\linea_intermedia_perfil.gms
    Symbol neither initialized nor assigned
       A wild shot: You may have spurious commas in the explanatory
       text of a declaration. Check symbol reference list.
--- linea_intermedia_perfil.gms(186) 3 Mb 19 Errors
*** Error 141 in C:\Users\Manuel Barragan\UNIVERSIDAD DE SEVILLA\JAVIER LONGOBARDO DUEŃAS - TFG JAVIER\linea_intermedia_perfil.gms
    Symbol neither initialized nor assigned
       A wild shot: You may have spurious commas in the explanatory
       text of a declaration. Check symbol reference list.
--- linea_intermedia_perfil.gms(187) 3 Mb 20 Errors
*** Error 141 in C:\Users\Manuel Barragan\UNIVERSIDAD DE SEVILLA\JAVIER LONGOBARDO DUEŃAS - TFG JAVIER\linea_intermedia_perfil.gms
    Symbol neither initialized nor assigned
       A wild shot: You may have spurious commas in the explanatory
       text of a declaration. Check symbol reference list.
--- linea_intermedia_perfil.gms(188) 3 Mb 21 Errors
*** Error 141 in C:\Users\Manuel Barragan\UNIVERSIDAD DE SEVILLA\JAVIER LONGOBARDO DUEŃAS - TFG JAVIER\linea_intermedia_perfil.gms
    Symbol neither initialized nor assigned
       A wild shot: You may have spurious commas in the explanatory
       text of a declaration. Check symbol reference list.
--- linea_intermedia_perfil.gms(189) 3 Mb 22 Errors
*** Error 141 in C:\Users\Manuel Barragan\UNIVERSIDAD DE SEVILLA\JAVIER LONGOBARDO DUEŃAS - TFG JAVIER\linea_intermedia_perfil.gms
    Symbol neither initialized nor assigned
       A wild shot: You may have spurious commas in the explanatory
       text of a declaration. Check symbol reference list.
--- linea_intermedia_perfil.gms(190) 3 Mb 23 Errors
*** Error 141 in C:\Users\Manuel Barragan\UNIVERSIDAD DE SEVILLA\JAVIER LONGOBARDO DUEŃAS - TFG JAVIER\linea_intermedia_perfil.gms
    Symbol neither initialized nor assigned
       A wild shot: You may have spurious commas in the explanatory
       text of a declaration. Check symbol reference list.
--- linea_intermedia_perfil.gms(191) 3 Mb 24 Errors
*** Error 141 in C:\Users\Manuel Barragan\UNIVERSIDAD DE SEVILLA\JAVIER LONGOBARDO DUEŃAS - TFG JAVIER\linea_intermedia_perfil.gms
    Symbol neither initialized nor assigned
       A wild shot: You may have spurious commas in the explanatory
       text of a declaration. Check symbol reference list.
--- linea_intermedia_perfil.gms(199) 3 Mb 24 Errors
*** Status: Compilation error(s)
--- Job linea_intermedia_perfil.gms Stop 12/13/22 19:34:12 elapsed 0:00:00.063
Exit code = 2
