
--- Job MinPerd_Base_perdidas_Qopt.gms Start 03/20/24 10:09:07
GAMS Rev 147  Copyright (C) 1987-2007 GAMS Development. All rights reserved
Licensee: Departamento de Ingenieria Electrica           G070306:1052AP-WIN
          Universidad de Sevilla                                     DC2441
          License for teaching and research at degree granting institutions
--- Starting continued compilation
--- MinPerd_Base_perdidas_Qopt.gms(440) 3 Mb
--- Starting execution
--- MinPerd_Base_perdidas_Qopt.gms(608) 4 Mb
--- Generating NLP model OPF
--- MinPerd_Base_perdidas_Qopt.gms(609) 6 Mb
---   224 rows  276 columns  952 non-zeroes
---   5,631 nl-code  666 nl-non-zeroes
--- MinPerd_Base_perdidas_Qopt.gms(609) 4 Mb
--- Executing CONOPT
C O N O P T 3 Feb 14, 2007 WEX.CO.CO 22.4 017.059.041.WEI Library 314Q     
 
 
    C O N O P T 3   x86_64/MS Windows version 3.14Q-017-059
    Copyright (C)   ARKI Consulting and Development A/S
                    Bagsvaerdvej 246 A
                    DK-2880 Bagsvaerd, Denmark
 
 Using default options.
 
 Reading Data
 
   Iter Phase Ninf   Infeasibility   RGmax    NSB   Step InItr MX OK
      0   0        7.0858246476E+01 (Input point)
                                Pre-triangular equations:       18
                                Post-triangular equations:      62
      1   0        1.7491616110E+01 (After pre-processing)
      2   0        1.7491616110E+01 (After scaling)
     10   0    23  1.7474546057E+01               0.0E+00      T  T
     20   0    32  1.7474546057E+01               0.0E+00      T  T
     30   0    41  1.7474546057E+01               0.0E+00      F  F
     40   0    51  1.7474546057E+01               0.0E+00      F  F
     50   0    61  1.7474546057E+01               0.0E+00      F  F
 
   Iter Phase Ninf   Infeasibility   RGmax    NSB   Step InItr MX OK
     61   1    41  1.7473211086E+01 6.9E+00    42 1.0E+00   13 T  T
     66   1    38  1.7460988077E+01 2.5E+00    25 7.3E-01   11 F  T
     71   1    33  1.7460554903E+01 5.7E+01    20 3.6E-08      T  T
     81   1    29  1.6362123127E+01 2.4E+00    32 6.0E-08      F  F
     86   1    29  1.4701644101E+01 4.8E+00    31 6.2E-01    4 F  F
     91   1    29  1.4700578790E+01 1.0E+00    32 0.0E+00      T  T
    101   1    25  1.2574418253E-02 1.0E+00    27 8.3E-05      T  T
    106   1    10  7.8419265577E-03 7.9E+00    12 5.5E-03    4 F  F
    111   1     9  7.6668580782E-03 7.2E-01    10 9.7E-05      F  F
    121   2     4  1.4033730012E-03 9.5E-01    10 1.9E-02      T  T
 
   Iter Phase Ninf   Infeasibility   RGmax    NSB   Step InItr MX OK
    131   1     3  1.3806435703E-03 1.9E-01     8 1.5E-07      T  T
    136   1     2  1.2003283799E-03 8.3E-01     4 1.2E-01    3 F  F
    141   1     1  4.6779080799E-05 0.0E+00     1 0.0E+00    0 F  T
    142   1     1  4.6779080799E-05 0.0E+00     1
 
 ** Infeasible solution. Reduced gradient less than tolerance.
 
--- Restarting execution
--- MinPerd_Base_perdidas_Qopt.gms(609) 0 Mb
--- Reading solution for model OPF
--- Executing after solve
--- MinPerd_Base_perdidas_Qopt.gms(682) 3 Mb
--- Putfile RESULT_Base_PRUEBA_VESC C:\Users\Usuario\UNIVERSIDAD DE SEVILLA\MANUEL BARRAGAN VILLAREJO - OPFvsDL\OPF\RESULT_Base_PRUEBA_VESC.put
*** Status: Normal completion
--- Job MinPerd_Base_perdidas_Qopt.gms Stop 03/20/24 10:09:08 elapsed 0:00:00.472
